23 May 16:35:54 CONFIG [geoserver.logging] - Log4j 2 configuration set to DEFAULT_LOGGING.xml
23 May 16:35:56 CONFIG [org.geoserver] - GeoServer configuration lock is enabled
23 May 16:35:56 CONFIG [org.geoserver] - Loading catalog /opt/geoserver_data
23 May 16:35:56 CONFIG [org.geoserver] - Loaded style 'capitals'
23 May 16:35:56 CONFIG [org.geoserver] - Loaded style 'burg'
23 May 16:35:56 CONFIG [org.geoserver] - Loaded style 'dem'
23 May 16:35:56 CONFIG [org.geoserver] - Loaded style 'cite_lakes'
23 May 16:35:56 CONFIG [org.geoserver] - Loaded style 'giant_polygon'
23 May 16:35:56 CONFIG [org.geoserver] - Loaded style 'grass'
23 May 16:35:56 CONFIG [org.geoserver] - Loaded style 'green'
23 May 16:35:56 CONFIG [org.geoserver] - Loaded style 'generic'
23 May 16:35:56 CONFIG [org.geoserver] - Loaded style 'line'
23 May 16:35:56 CONFIG [org.geoserver] - Loaded style 'point'
23 May 16:35:56 CONFIG [org.geoserver] - Loaded style 'poi'
23 May 16:35:56 CONFIG [org.geoserver] - Loaded style 'polygon'
23 May 16:35:56 CONFIG [org.geoserver] - Loaded style 'pophatch'
23 May 16:35:56 CONFIG [org.geoserver] - Loaded style 'rain'
23 May 16:35:56 CONFIG [org.geoserver] - Loaded style 'population'
23 May 16:35:56 CONFIG [org.geoserver] - Loaded style 'poly_landmarks'
23 May 16:35:56 CONFIG [org.geoserver] - Loaded style 'raster'
23 May 16:35:56 CONFIG [org.geoserver] - Loaded style 'simple_roads'
23 May 16:35:56 CONFIG [org.geoserver] - Loaded style 'simple_streams'
23 May 16:35:56 CONFIG [org.geoserver] - Loaded style 'restricted'
23 May 16:35:56 CONFIG [org.geoserver] - Loaded style 'tiger_roads'
23 May 16:35:56 CONFIG [org.geoserver] - Loaded default workspace 'ne'
23 May 16:35:56 CONFIG [org.geoserver] - Loaded workspace 'nurc'
23 May 16:35:56 CONFIG [org.geoserver] - Loaded workspace 'cite'
23 May 16:35:56 CONFIG [org.geoserver] - Loaded workspace 'it.geosolutions'
23 May 16:35:56 CONFIG [org.geoserver] - Loaded workspace 'ne'
23 May 16:35:56 CONFIG [org.geoserver] - Loaded style 'boundary_lines'
23 May 16:35:56 CONFIG [org.geoserver] - Loaded style 'countries'
23 May 16:35:56 CONFIG [org.geoserver] - Loaded style 'coastline'
23 May 16:35:56 CONFIG [org.geoserver] - Loaded style 'countries_mapcolor9'
23 May 16:35:56 CONFIG [org.geoserver] - Loaded style 'disputed'
23 May 16:35:56 CONFIG [org.geoserver] - Loaded style 'populated_places'
23 May 16:35:56 CONFIG [org.geoserver] - Loaded workspace 'sde'
23 May 16:35:56 CONFIG [org.geoserver] - Loaded workspace 'tiger'
23 May 16:35:56 CONFIG [org.geoserver] - Loaded workspace 'sf'
23 May 16:35:56 CONFIG [org.geoserver] - Loaded workspace 'topp'
23 May 16:35:56 CONFIG [org.geoserver] - Loaded data store 'NaturalEarth', enabled
23 May 16:35:57 CONFIG [org.geoserver] - Loaded feature type 'boundary_lines', enabled
23 May 16:35:57 CONFIG [org.geoserver] - Loaded layer 'boundary_lines'
23 May 16:35:57 CONFIG [org.geoserver] - Loaded feature type 'countries', enabled
23 May 16:35:57 CONFIG [org.geoserver] - Loaded layer 'countries'
23 May 16:35:57 CONFIG [org.geoserver] - Loaded feature type 'disputed_areas', enabled
23 May 16:35:57 CONFIG [org.geoserver] - Loaded layer 'disputed_areas'
23 May 16:35:57 CONFIG [org.geoserver] - Loaded feature type 'coastlines', enabled
23 May 16:35:57 CONFIG [org.geoserver] - Loaded layer 'coastlines'
23 May 16:35:57 CONFIG [org.geoserver] - Loaded feature type 'populated_places', enabled
23 May 16:35:57 CONFIG [org.geoserver] - Loaded layer 'populated_places'
23 May 16:35:57 CONFIG [org.geoserver] - Loaded layer group 'world'
23 May 16:35:57 CONFIG [org.geoserver] - Loaded coverage store 'img_sample2', enabled
23 May 16:35:57 CONFIG [org.geoserver] - Loaded coverage 'Pk50095', enabled
23 May 16:35:57 CONFIG [org.geoserver] - Loaded layer 'Pk50095'
23 May 16:35:57 CONFIG [org.geoserver] - Loaded coverage store 'worldImageSample', enabled
23 May 16:35:57 CONFIG [org.geoserver] - Loaded coverage 'Img_Sample', enabled
23 May 16:35:57 CONFIG [org.geoserver] - Loaded layer 'Img_Sample'
23 May 16:35:57 CONFIG [org.geoserver] - Loaded coverage store 'mosaic', enabled
23 May 16:35:57 CONFIG [org.geoserver] - Loaded coverage 'mosaic', enabled
23 May 16:35:57 CONFIG [org.geoserver] - Loaded layer 'mosaic'
23 May 16:35:57 CONFIG [org.geoserver] - Loaded coverage store 'arcGridSample', enabled
23 May 16:35:57 CONFIG [org.geoserver] - Loaded coverage 'Arc_Sample', enabled
23 May 16:35:57 CONFIG [org.geoserver] - Loaded layer 'Arc_Sample'
23 May 16:35:57 CONFIG [org.geoserver] - Loaded data store 'sf', enabled
23 May 16:35:57 CONFIG [org.geoserver] - Loaded feature type 'roads', enabled
23 May 16:35:57 CONFIG [org.geoserver] - Loaded layer 'roads'
23 May 16:35:57 CONFIG [org.geoserver] - Loaded feature type 'bugsites', enabled
23 May 16:35:57 CONFIG [org.geoserver] - Loaded layer 'bugsites'
23 May 16:35:57 CONFIG [org.geoserver] - Loaded feature type 'archsites', enabled
23 May 16:35:57 CONFIG [org.geoserver] - Loaded layer 'archsites'
23 May 16:35:57 CONFIG [org.geoserver] - Loaded feature type 'restricted', enabled
23 May 16:35:57 CONFIG [org.geoserver] - Loaded layer 'restricted'
23 May 16:35:57 CONFIG [org.geoserver] - Loaded feature type 'streams', enabled
23 May 16:35:57 CONFIG [org.geoserver] - Loaded layer 'streams'
23 May 16:35:57 CONFIG [org.geoserver] - Loaded coverage store 'sfdem', enabled
23 May 16:35:57 CONFIG [org.geoserver] - Loaded coverage 'sfdem', enabled
23 May 16:35:57 CONFIG [org.geoserver] - Loaded layer 'sfdem'
23 May 16:35:57 CONFIG [org.geoserver] - Loaded data store 'nyc', enabled
23 May 16:35:57 CONFIG [org.geoserver] - Loaded feature type 'giant_polygon', enabled
23 May 16:35:57 CONFIG [org.geoserver] - Loaded layer 'giant_polygon'
23 May 16:35:57 CONFIG [org.geoserver] - Loaded feature type 'tiger_roads', enabled
23 May 16:35:57 CONFIG [org.geoserver] - Loaded layer 'tiger_roads'
23 May 16:35:57 CONFIG [org.geoserver] - Loaded feature type 'poly_landmarks', enabled
23 May 16:35:57 CONFIG [org.geoserver] - Loaded layer 'poly_landmarks'
23 May 16:35:57 CONFIG [org.geoserver] - Loaded feature type 'poi', enabled
23 May 16:35:57 CONFIG [org.geoserver] - Loaded layer 'poi'
23 May 16:35:57 CONFIG [org.geoserver] - Loaded data store 'taz_shapes', enabled
23 May 16:35:57 CONFIG [org.geoserver] - Loaded feature type 'tasmania_water_bodies', enabled
23 May 16:35:57 CONFIG [org.geoserver] - Loaded layer 'tasmania_water_bodies'
23 May 16:35:57 CONFIG [org.geoserver] - Loaded feature type 'tasmania_cities', enabled
23 May 16:35:57 CONFIG [org.geoserver] - Loaded layer 'tasmania_cities'
23 May 16:35:57 CONFIG [org.geoserver] - Loaded feature type 'tasmania_state_boundaries', enabled
23 May 16:35:57 CONFIG [org.geoserver] - Loaded layer 'tasmania_state_boundaries'
23 May 16:35:57 CONFIG [org.geoserver] - Loaded feature type 'tasmania_roads', enabled
23 May 16:35:57 CONFIG [org.geoserver] - Loaded layer 'tasmania_roads'
23 May 16:35:57 CONFIG [org.geoserver] - Loaded data store 'states_shapefile', enabled
23 May 16:35:57 CONFIG [org.geoserver] - Loaded feature type 'states', enabled
23 May 16:35:57 CONFIG [org.geoserver] - Loaded layer 'states'
23 May 16:35:57 CONFIG [org.geoserver] - Loaded layer group 'tiger-ny'
23 May 16:35:57 CONFIG [org.geoserver] - Loaded layer group 'spearfish'
23 May 16:35:57 CONFIG [org.geoserver] - Loaded layer group 'tasmania'
23 May 16:35:57 CONFIG [org.geoserver] - Read catalog in 1.425 s
23 May 16:35:57 CONFIG [org.geoserver] - Loaded service 'wfs', enabled
23 May 16:35:57 CONFIG [org.geoserver] - Loaded service 'WMTSInfoImpl--3ef31051:182c1e8b194:-8000', enabled
23 May 16:35:57 CONFIG [org.geoserver] - Loaded service 'wms', enabled
23 May 16:35:57 CONFIG [org.geoserver] - Loaded service 'wcs', enabled
23 May 16:35:57 CONFIG [org.geoserver] - Loaded service 'WPSInfoImpl--d69a17e:18fa64f2c6e:-8000', enabled
23 May 16:35:57 CONFIG [org.geoserver] - Loaded service 'csw', enabled
23 May 16:35:57 CONFIG [org.geoserver] - Loaded service 'WFSInfoImpl-1c443fee:182c0f3f209:-7f97', enabled
23 May 16:35:57 CONFIG [org.geoserver] - Loaded service 'WMTSInfoImpl-1c443fee:182c0f3f209:-7f98', enabled
23 May 16:35:57 CONFIG [org.geoserver] - Loaded service 'WMSInfoImpl-1c443fee:182c0f3f209:-7f99', enabled
23 May 16:35:57 CONFIG [org.geoserver] - Loaded service 'WCSInfoImpl-1c443fee:182c0f3f209:-7f96', enabled
23 May 16:35:57 CONFIG [gwc.config] - Will look for 'geowebcache.xml' in directory '/opt/geoserver_data/gwc'.
23 May 16:35:57 CONFIG [gwc.config] - Create configuration file 'gwc/geowebcache.xml' from template jar:file:/opt/apache-tomcat-9.0.86/webapps/geoserver/WEB-INF/lib/gwc-core-1.24.1.jar!/geowebcache_empty.xml
23 May 16:35:57 WARN   [config.XMLConfiguration] - GWC configuration validation error: cvc-elt.1.a: Cannot find the declaration of element 'gwcConfiguration'.
23 May 16:35:57 WARN   [config.XMLConfiguration] - Will try to use configuration anyway. Please check the order of declared elements against the schema.
23 May 16:35:57 CONFIG [config.XMLConfiguration] - Initializing GridSets from gwc
23 May 16:35:57 CONFIG [config.XMLConfiguration] - Initializing layers from gwc
23 May 16:35:57 CONFIG [gwc.layer] - Initializing GWC configuration based on GeoServer's Catalog
23 May 16:35:57 CONFIG [gwc.layer] - GeoServer TileLayer store base directory is: gwc-layers
23 May 16:35:57 CONFIG [gwc.layer] - Loading tile layers from gwc-layers
23 May 16:35:57 CONFIG [gwc.layer] - Loaded 0 tile layers in 1.537 ms
23 May 16:35:57 CONFIG [storage.BlobStoreAggregator] - BlobStoreConfiguration gwc contained no blob store infos.
23 May 16:35:57 CONFIG [storage.DefaultStorageFinder] - Found system environment variableGEOSERVER_DATA_DIR set to /opt/geoserver_data/, using it as the default prefix.
23 May 16:35:57 CONFIG [gwc.config] - Initializing GeoServer specific GWC configuration from gwc-gs.xml
23 May 16:36:00 CONFIG [gwc.config] - Will look for 'geowebcache-diskquota.xml' in directory '/opt/geoserver_data/gwc'.
23 May 16:36:00 CONFIG [gwc.config] - Will look for 'geowebcache-diskquota-jdbc.xml' in directory '/opt/geoserver_data/gwc'.
23 May 16:36:00 CONFIG [diskquota.ConfigLoader] - DiskQuota configuration is not readable: gwc/geowebcache-diskquota.xml
23 May 16:36:00 CONFIG [diskquota.ConfigLoader] - DiskQuota configuration is not readable: gwc/geowebcache-diskquota.xml
23 May 16:36:01 WARN   [gce.imagemosaic] - Unable to set ordering between tiff readers spi
23 May 16:36:01 CONFIG [geowebcache.GeoWebCacheDispatcher] - Invoked setServletPrefix(gwc)
23 May 16:36:01 CONFIG [wms.WMSService] - Will NOT recombine tiles for non-tiling clients.
23 May 16:36:01 CONFIG [wms.WMSService] - Will proxy requests to backend that are not getmap or getcapabilities.
23 May 16:36:01 CONFIG [geoserver.wps] - Found 5 bindable processes in GeoServer specific processes
23 May 16:36:02 CONFIG [geoserver.wps] - Found 89 bindable processes in Deprecated processes
23 May 16:36:02 CONFIG [geoserver.wps] - Blacklisting process ras:ConvolveCoverage as the input kernel of type class javax.media.jai.KernelJAI cannot be handled
23 May 16:36:02 CONFIG [geoserver.wps] - Blacklisting process ras:RasterZonalStatistics2 as the input zones of type class java.lang.Object cannot be handled
23 May 16:36:02 CONFIG [geoserver.wps] - Blacklisting process ras:RasterZonalStatistics2 as the input nodata of type class it.geosolutions.jaiext.range.Range cannot be handled
23 May 16:36:02 CONFIG [geoserver.wps] - Blacklisting process ras:RasterZonalStatistics2 as the input rangeData of type class java.lang.Object cannot be handled
23 May 16:36:02 CONFIG [geoserver.wps] - Blacklisting process ras:RasterZonalStatistics2 as the output zonal statistics of type interface java.util.List cannot be handled
23 May 16:36:02 CONFIG [geoserver.wps] - Found 18 bindable processes in Raster processes
23 May 16:36:02 CONFIG [geoserver.wps] - Blacklisting process vec:GroupCandidateSelection as the input groupingAttributes of type class java.lang.Object cannot be handled
23 May 16:36:02 CONFIG [geoserver.wps] - Found 31 bindable processes in Vector processes
23 May 16:36:02 CONFIG [geoserver.wps] - Found 48 bindable processes in Geometry processes
23 May 16:36:02 CONFIG [geoserver.wps] - Found 1 bindable processes in PolygonLabelProcess
23 May 16:36:02 CONFIG [geoserver.wps] - Found 1 bindable processes in geo
23 May 16:36:02 CONFIG [geoserver.wps] - Found 1 bindable processes in geo
23 May 16:36:02 CONFIG [diskquota.ConfigLoader] - DiskQuota configuration is not readable: gwc/geowebcache-diskquota.xml
23 May 16:36:02 CONFIG [diskquota.DiskQuotaMonitor] - Setting up disk quota periodic enforcement task
23 May 16:36:02 CONFIG [diskquota.DiskQuotaMonitor] - 0 layers configured with their own quotas. 
23 May 16:36:02 CONFIG [diskquota.DiskQuotaMonitor] - 28 layers attached to global quota 500.0 MB
23 May 16:36:02 CONFIG [diskquota.DiskQuotaMonitor] - Disk quota periodic enforcement task set up every 10 SECONDS
23 May 16:36:02 CONFIG [platform.resource] - Notifying ENTRY_CREATE change on /opt/geoserver_data/gwc-layers. Created: 28, removed: 0, modified: 0
23 May 16:36:03 CONFIG [geoserver.security] - AuthenticationCache Initialized with 1000 Max Entries, 300 seconds idle time, 600 seconds time to live and 3 concurrency level
23 May 16:36:03 CONFIG [geoserver.security] - AuthenticationCache Eviction Task created to run every 600 seconds
23 May 16:36:03 CONFIG [geoserver.security] - Start reloading user/groups for service named default
23 May 16:36:03 CONFIG [geoserver.security] - Reloading user/groups successful for service named default
